{
    "meta": {
        "format": 3,
        "version": "7.16.1",
        "timestamp": "2026-09-26T15:23:11.184817",
        "branch_coverage": true,
        "show_contexts": false
    },
    "files": {
        "src\\shop\\__init__.py": {
            "executed_lines": [],
            "summary": {
                "covered_lines": 0,
                "num_statements": 0,
                "percent_covered": 100.0,
                "percent_covered_display": "100",
                "missing_lines": 0,
                "excluded_lines": 0,
                "percent_statements_covered": 100.0,
                "percent_statements_covered_display": "100",
                "num_branches": 0,
                "num_partial_branches": 0,
                "covered_branches": 0,
                "missing_branches": 0,
                "percent_branches_covered": 100.0,
                "percent_branches_covered_display": "100"
            },
            "missing_lines": [],
            "excluded_lines": [],
            "executed_branches": [],
            "missing_branches": [],
            "functions": {
                "": {
                    "executed_lines": [],
                    "summary": {
                        "covered_lines": 0,
                        "num_statements": 0,
                        "percent_covered": 100.0,
                        "percent_covered_display": "100",
                        "missing_lines": 0,
                        "excluded_lines": 0,
                        "percent_statements_covered": 100.0,
                        "percent_statements_covered_display": "100",
                        "num_branches": 0,
                        "num_partial_branches": 0,
                        "covered_branches": 0,
                        "missing_branches": 0,
                        "percent_branches_covered": 100.0,
                        "percent_branches_covered_display": "100"
                    },
                    "missing_lines": [],
                    "excluded_lines": [],
                    "start_line": 1,
                    "executed_branches": [],
                    "missing_branches": []
                }
            },
            "classes": {
                "": {
                    "executed_lines": [],
                    "summary": {
                        "covered_lines": 0,
                        "num_statements": 0,
                        "percent_covered": 100.0,
                        "percent_covered_display": "100",
                        "missing_lines": 0,
                        "excluded_lines": 0,
                        "percent_statements_covered": 100.0,
                        "percent_statements_covered_display": "100",
                        "num_branches": 0,
                        "num_partial_branches": 0,
                        "covered_branches": 0,
                        "missing_branches": 0,
                        "percent_branches_covered": 100.0,
                        "percent_branches_covered_display": "100"
                    },
                    "missing_lines": [],
                    "excluded_lines": [],
                    "start_line": 1,
                    "executed_branches": [],
                    "missing_branches": []
                }
            }
        },
        "src\\shop\\cart.py": {
            "executed_lines": [
                3,
                6,
                7,
                8,
                9,
                10,
                11,
                12,
                13,
                14,
                17,
                18,
                19,
                20,
                21,
                22,
                23,
                24,
                25,
                26
            ],
            "summary": {
                "covered_lines": 20,
                "num_statements": 20,
                "percent_covered": 100.0,
                "percent_covered_display": "100",
                "missing_lines": 0,
                "excluded_lines": 0,
                "percent_statements_covered": 100.0,
                "percent_statements_covered_display": "100",
                "num_branches": 14,
                "num_partial_branches": 0,
                "covered_branches": 14,
                "missing_branches": 0,
                "percent_branches_covered": 100.0,
                "percent_branches_covered_display": "100"
            },
            "missing_lines": [],
            "excluded_lines": [],
            "executed_branches": [
                [
                    7,
                    8
                ],
                [
                    7,
                    9
                ],
                [
                    10,
                    11
                ],
                [
                    10,
                    14
                ],
                [
                    11,
                    12
                ],
                [
                    11,
                    13
                ],
                [
                    18,
                    19
                ],
                [
                    18,
                    20
                ],
                [
                    20,
                    21
                ],
                [
                    20,
                    22
                ],
                [
                    22,
                    23
                ],
                [
                    22,
                    24
                ],
                [
                    24,
                    25
                ],
                [
                    24,
                    26
                ]
            ],
            "missing_branches": [],
            "functions": {
                "subtotal": {
                    "executed_lines": [
                        7,
                        8,
                        9,
                        10,
                        11,
                        12,
                        13,
                        14
                    ],
                    "summary": {
                        "covered_lines": 8,
                        "num_statements": 8,
                        "percent_covered": 100.0,
                        "percent_covered_display": "100",
                        "missing_lines": 0,
                        "excluded_lines": 0,
                        "percent_statements_covered": 100.0,
                        "percent_statements_covered_display": "100",
                        "num_branches": 6,
                        "num_partial_branches": 0,
                        "covered_branches": 6,
                        "missing_branches": 0,
                        "percent_branches_covered": 100.0,
                        "percent_branches_covered_display": "100"
                    },
                    "missing_lines": [],
                    "excluded_lines": [],
                    "start_line": 6,
                    "executed_branches": [
                        [
                            7,
                            8
                        ],
                        [
                            7,
                            9
                        ],
                        [
                            10,
                            11
                        ],
                        [
                            10,
                            14
                        ],
                        [
                            11,
                            12
                        ],
                        [
                            11,
                            13
                        ]
                    ],
                    "missing_branches": []
                },
                "apply_coupon": {
                    "executed_lines": [
                        18,
                        19,
                        20,
                        21,
                        22,
                        23,
                        24,
                        25,
                        26
                    ],
                    "summary": {
                        "covered_lines": 9,
                        "num_statements": 9,
                        "percent_covered": 100.0,
                        "percent_covered_display": "100",
                        "missing_lines": 0,
                        "excluded_lines": 0,
                        "percent_statements_covered": 100.0,
                        "percent_statements_covered_display": "100",
                        "num_branches": 8,
                        "num_partial_branches": 0,
                        "covered_branches": 8,
                        "missing_branches": 0,
                        "percent_branches_covered": 100.0,
                        "percent_branches_covered_display": "100"
                    },
                    "missing_lines": [],
                    "excluded_lines": [],
                    "start_line": 17,
                    "executed_branches": [
                        [
                            18,
                            19
                        ],
                        [
                            18,
                            20
                        ],
                        [
                            20,
                            21
                        ],
                        [
                            20,
                            22
                        ],
                        [
                            22,
                            23
                        ],
                        [
                            22,
                            24
                        ],
                        [
                            24,
                            25
                        ],
                        [
                            24,
                            26
                        ]
                    ],
                    "missing_branches": []
                },
                "": {
                    "executed_lines": [
                        3,
                        6,
                        17
                    ],
                    "summary": {
                        "covered_lines": 3,
                        "num_statements": 3,
                        "percent_covered": 100.0,
                        "percent_covered_display": "100",
                        "missing_lines": 0,
                        "excluded_lines": 0,
                        "percent_statements_covered": 100.0,
                        "percent_statements_covered_display": "100",
                        "num_branches": 0,
                        "num_partial_branches": 0,
                        "covered_branches": 0,
                        "missing_branches": 0,
                        "percent_branches_covered": 100.0,
                        "percent_branches_covered_display": "100"
                    },
                    "missing_lines": [],
                    "excluded_lines": [],
                    "start_line": 1,
                    "executed_branches": [],
                    "missing_branches": []
                }
            },
            "classes": {
                "": {
                    "executed_lines": [
                        3,
                        6,
                        7,
                        8,
                        9,
                        10,
                        11,
                        12,
                        13,
                        14,
                        17,
                        18,
                        19,
                        20,
                        21,
                        22,
                        23,
                        24,
                        25,
                        26
                    ],
                    "summary": {
                        "covered_lines": 20,
                        "num_statements": 20,
                        "percent_covered": 100.0,
                        "percent_covered_display": "100",
                        "missing_lines": 0,
                        "excluded_lines": 0,
                        "percent_statements_covered": 100.0,
                        "percent_statements_covered_display": "100",
                        "num_branches": 14,
                        "num_partial_branches": 0,
                        "covered_branches": 14,
                        "missing_branches": 0,
                        "percent_branches_covered": 100.0,
                        "percent_branches_covered_display": "100"
                    },
                    "missing_lines": [],
                    "excluded_lines": [],
                    "start_line": 1,
                    "executed_branches": [
                        [
                            7,
                            8
                        ],
                        [
                            7,
                            9
                        ],
                        [
                            10,
                            11
                        ],
                        [
                            10,
                            14
                        ],
                        [
                            11,
                            12
                        ],
                        [
                            11,
                            13
                        ],
                        [
                            18,
                            19
                        ],
                        [
                            18,
                            20
                        ],
                        [
                            20,
                            21
                        ],
                        [
                            20,
                            22
                        ],
                        [
                            22,
                            23
                        ],
                        [
                            22,
                            24
                        ],
                        [
                            24,
                            25
                        ],
                        [
                            24,
                            26
                        ]
                    ],
                    "missing_branches": []
                }
            }
        },
        "src\\shop\\payments.py": {
            "executed_lines": [
                3,
                6,
                7,
                8,
                9,
                10,
                11,
                12,
                13,
                14,
                15,
                16,
                19,
                20,
                21,
                22,
                23,
                24
            ],
            "summary": {
                "covered_lines": 18,
                "num_statements": 18,
                "percent_covered": 100.0,
                "percent_covered_display": "100",
                "missing_lines": 0,
                "excluded_lines": 0,
                "percent_statements_covered": 100.0,
                "percent_statements_covered_display": "100",
                "num_branches": 12,
                "num_partial_branches": 0,
                "covered_branches": 12,
                "missing_branches": 0,
                "percent_branches_covered": 100.0,
                "percent_branches_covered_display": "100"
            },
            "missing_lines": [],
            "excluded_lines": [],
            "executed_branches": [
                [
                    7,
                    8
                ],
                [
                    7,
                    9
                ],
                [
                    9,
                    10
                ],
                [
                    9,
                    11
                ],
                [
                    11,
                    12
                ],
                [
                    11,
                    13
                ],
                [
                    13,
                    14
                ],
                [
                    13,
                    15
                ],
                [
                    20,
                    21
                ],
                [
                    20,
                    22
                ],
                [
                    22,
                    23
                ],
                [
                    22,
                    24
                ]
            ],
            "missing_branches": [],
            "functions": {
                "charge": {
                    "executed_lines": [
                        7,
                        8,
                        9,
                        10,
                        11,
                        12,
                        13,
                        14,
                        15,
                        16
                    ],
                    "summary": {
                        "covered_lines": 10,
                        "num_statements": 10,
                        "percent_covered": 100.0,
                        "percent_covered_display": "100",
                        "missing_lines": 0,
                        "excluded_lines": 0,
                        "percent_statements_covered": 100.0,
                        "percent_statements_covered_display": "100",
                        "num_branches": 8,
                        "num_partial_branches": 0,
                        "covered_branches": 8,
                        "missing_branches": 0,
                        "percent_branches_covered": 100.0,
                        "percent_branches_covered_display": "100"
                    },
                    "missing_lines": [],
                    "excluded_lines": [],
                    "start_line": 6,
                    "executed_branches": [
                        [
                            7,
                            8
                        ],
                        [
                            7,
                            9
                        ],
                        [
                            9,
                            10
                        ],
                        [
                            9,
                            11
                        ],
                        [
                            11,
                            12
                        ],
                        [
                            11,
                            13
                        ],
                        [
                            13,
                            14
                        ],
                        [
                            13,
                            15
                        ]
                    ],
                    "missing_branches": []
                },
                "refund": {
                    "executed_lines": [
                        20,
                        21,
                        22,
                        23,
                        24
                    ],
                    "summary": {
                        "covered_lines": 5,
                        "num_statements": 5,
                        "percent_covered": 100.0,
                        "percent_covered_display": "100",
                        "missing_lines": 0,
                        "excluded_lines": 0,
                        "percent_statements_covered": 100.0,
                        "percent_statements_covered_display": "100",
                        "num_branches": 4,
                        "num_partial_branches": 0,
                        "covered_branches": 4,
                        "missing_branches": 0,
                        "percent_branches_covered": 100.0,
                        "percent_branches_covered_display": "100"
                    },
                    "missing_lines": [],
                    "excluded_lines": [],
                    "start_line": 19,
                    "executed_branches": [
                        [
                            20,
                            21
                        ],
                        [
                            20,
                            22
                        ],
                        [
                            22,
                            23
                        ],
                        [
                            22,
                            24
                        ]
                    ],
                    "missing_branches": []
                },
                "": {
                    "executed_lines": [
                        3,
                        6,
                        19
                    ],
                    "summary": {
                        "covered_lines": 3,
                        "num_statements": 3,
                        "percent_covered": 100.0,
                        "percent_covered_display": "100",
                        "missing_lines": 0,
                        "excluded_lines": 0,
                        "percent_statements_covered": 100.0,
                        "percent_statements_covered_display": "100",
                        "num_branches": 0,
                        "num_partial_branches": 0,
                        "covered_branches": 0,
                        "missing_branches": 0,
                        "percent_branches_covered": 100.0,
                        "percent_branches_covered_display": "100"
                    },
                    "missing_lines": [],
                    "excluded_lines": [],
                    "start_line": 1,
                    "executed_branches": [],
                    "missing_branches": []
                }
            },
            "classes": {
                "": {
                    "executed_lines": [
                        3,
                        6,
                        7,
                        8,
                        9,
                        10,
                        11,
                        12,
                        13,
                        14,
                        15,
                        16,
                        19,
                        20,
                        21,
                        22,
                        23,
                        24
                    ],
                    "summary": {
                        "covered_lines": 18,
                        "num_statements": 18,
                        "percent_covered": 100.0,
                        "percent_covered_display": "100",
                        "missing_lines": 0,
                        "excluded_lines": 0,
                        "percent_statements_covered": 100.0,
                        "percent_statements_covered_display": "100",
                        "num_branches": 12,
                        "num_partial_branches": 0,
                        "covered_branches": 12,
                        "missing_branches": 0,
                        "percent_branches_covered": 100.0,
                        "percent_branches_covered_display": "100"
                    },
                    "missing_lines": [],
                    "excluded_lines": [],
                    "start_line": 1,
                    "executed_branches": [
                        [
                            7,
                            8
                        ],
                        [
                            7,
                            9
                        ],
                        [
                            9,
                            10
                        ],
                        [
                            9,
                            11
                        ],
                        [
                            11,
                            12
                        ],
                        [
                            11,
                            13
                        ],
                        [
                            13,
                            14
                        ],
                        [
                            13,
                            15
                        ],
                        [
                            20,
                            21
                        ],
                        [
                            20,
                            22
                        ],
                        [
                            22,
                            23
                        ],
                        [
                            22,
                            24
                        ]
                    ],
                    "missing_branches": []
                }
            }
        },
        "src\\shop\\pricing.py": {
            "executed_lines": [
                3,
                6,
                7,
                8,
                9,
                10,
                11,
                12,
                13,
                14,
                16,
                17,
                18,
                19,
                20,
                21
            ],
            "summary": {
                "covered_lines": 16,
                "num_statements": 16,
                "percent_covered": 100.0,
                "percent_covered_display": "100",
                "missing_lines": 0,
                "excluded_lines": 0,
                "percent_statements_covered": 100.0,
                "percent_statements_covered_display": "100",
                "num_branches": 12,
                "num_partial_branches": 0,
                "covered_branches": 12,
                "missing_branches": 0,
                "percent_branches_covered": 100.0,
                "percent_branches_covered_display": "100"
            },
            "missing_lines": [],
            "excluded_lines": [],
            "executed_branches": [
                [
                    7,
                    8
                ],
                [
                    7,
                    9
                ],
                [
                    9,
                    10
                ],
                [
                    9,
                    11
                ],
                [
                    11,
                    12
                ],
                [
                    11,
                    13
                ],
                [
                    13,
                    14
                ],
                [
                    13,
                    16
                ],
                [
                    17,
                    18
                ],
                [
                    17,
                    19
                ],
                [
                    19,
                    20
                ],
                [
                    19,
                    21
                ]
            ],
            "missing_branches": [],
            "functions": {
                "tier_price": {
                    "executed_lines": [
                        7,
                        8,
                        9,
                        10,
                        11,
                        12,
                        13,
                        14,
                        16,
                        17,
                        18,
                        19,
                        20,
                        21
                    ],
                    "summary": {
                        "covered_lines": 14,
                        "num_statements": 14,
                        "percent_covered": 100.0,
                        "percent_covered_display": "100",
                        "missing_lines": 0,
                        "excluded_lines": 0,
                        "percent_statements_covered": 100.0,
                        "percent_statements_covered_display": "100",
                        "num_branches": 12,
                        "num_partial_branches": 0,
                        "covered_branches": 12,
                        "missing_branches": 0,
                        "percent_branches_covered": 100.0,
                        "percent_branches_covered_display": "100"
                    },
                    "missing_lines": [],
                    "excluded_lines": [],
                    "start_line": 6,
                    "executed_branches": [
                        [
                            7,
                            8
                        ],
                        [
                            7,
                            9
                        ],
                        [
                            9,
                            10
                        ],
                        [
                            9,
                            11
                        ],
                        [
                            11,
                            12
                        ],
                        [
                            11,
                            13
                        ],
                        [
                            13,
                            14
                        ],
                        [
                            13,
                            16
                        ],
                        [
                            17,
                            18
                        ],
                        [
                            17,
                            19
                        ],
                        [
                            19,
                            20
                        ],
                        [
                            19,
                            21
                        ]
                    ],
                    "missing_branches": []
                },
                "": {
                    "executed_lines": [
                        3,
                        6
                    ],
                    "summary": {
                        "covered_lines": 2,
                        "num_statements": 2,
                        "percent_covered": 100.0,
                        "percent_covered_display": "100",
                        "missing_lines": 0,
                        "excluded_lines": 0,
                        "percent_statements_covered": 100.0,
                        "percent_statements_covered_display": "100",
                        "num_branches": 0,
                        "num_partial_branches": 0,
                        "covered_branches": 0,
                        "missing_branches": 0,
                        "percent_branches_covered": 100.0,
                        "percent_branches_covered_display": "100"
                    },
                    "missing_lines": [],
                    "excluded_lines": [],
                    "start_line": 1,
                    "executed_branches": [],
                    "missing_branches": []
                }
            },
            "classes": {
                "": {
                    "executed_lines": [
                        3,
                        6,
                        7,
                        8,
                        9,
                        10,
                        11,
                        12,
                        13,
                        14,
                        16,
                        17,
                        18,
                        19,
                        20,
                        21
                    ],
                    "summary": {
                        "covered_lines": 16,
                        "num_statements": 16,
                        "percent_covered": 100.0,
                        "percent_covered_display": "100",
                        "missing_lines": 0,
                        "excluded_lines": 0,
                        "percent_statements_covered": 100.0,
                        "percent_statements_covered_display": "100",
                        "num_branches": 12,
                        "num_partial_branches": 0,
                        "covered_branches": 12,
                        "missing_branches": 0,
                        "percent_branches_covered": 100.0,
                        "percent_branches_covered_display": "100"
                    },
                    "missing_lines": [],
                    "excluded_lines": [],
                    "start_line": 1,
                    "executed_branches": [
                        [
                            7,
                            8
                        ],
                        [
                            7,
                            9
                        ],
                        [
                            9,
                            10
                        ],
                        [
                            9,
                            11
                        ],
                        [
                            11,
                            12
                        ],
                        [
                            11,
                            13
                        ],
                        [
                            13,
                            14
                        ],
                        [
                            13,
                            16
                        ],
                        [
                            17,
                            18
                        ],
                        [
                            17,
                            19
                        ],
                        [
                            19,
                            20
                        ],
                        [
                            19,
                            21
                        ]
                    ],
                    "missing_branches": []
                }
            }
        }
    },
    "totals": {
        "covered_lines": 54,
        "num_statements": 54,
        "percent_covered": 100.0,
        "percent_covered_display": "100",
        "missing_lines": 0,
        "excluded_lines": 0,
        "percent_statements_covered": 100.0,
        "percent_statements_covered_display": "100",
        "num_branches": 38,
        "num_partial_branches": 0,
        "covered_branches": 38,
        "missing_branches": 0,
        "percent_branches_covered": 100.0,
        "percent_branches_covered_display": "100"
    }
}